{
  "stats": {
    "suites": 1,
    "tests": 1,
    "passes": 0,
    "pending": 0,
    "failures": 1,
    "start": "2023-11-01T13:10:59.074Z",
    "end": "2023-11-01T13:11:00.562Z",
    "duration": 1488,
    "testsRegistered": 1,
    "passPercent": 0,
    "pendingPercent": 0,
    "other": 0,
    "hasOther": false,
    "skipped": 0,
    "hasSkipped": false
  },
  "results": [
    {
      "uuid": "7c857c05-34db-4852-a64f-501dd6082696",
      "title": "",
      "fullFile": "cypress\\e2e\\cadastro-correto.cy.js",
      "file": "cypress\\e2e\\cadastro-correto.cy.js",
      "beforeHooks": [],
      "afterHooks": [],
      "tests": [],
      "suites": [
        {
          "uuid": "2bdba53e-6db4-4673-aa5e-cab655a6050d",
          "title": "Página de cadastro",
          "fullFile": "",
          "file": "",
          "beforeHooks": [],
          "afterHooks": [],
          "tests": [
            {
              "title": "Preencher os campos do formulário corretamente para cadastrar um novo usuáio",
              "fullTitle": "Página de cadastro Preencher os campos do formulário corretamente para cadastrar um novo usuáio",
              "timedOut": null,
              "duration": 1282,
              "state": "failed",
              "speed": null,
              "pass": false,
              "fail": true,
              "pending": false,
              "context": null,
              "code": "cy.visit('http://localhost:4200/#/home');\ncy.contains('a', 'Register now').click();\ncy.get('[data-test=\"email\"]').type('sralafuente@email.com.br');\ncy.get('[data-test=\"fullName\"]').type('Diana Lafuente');\ncy.get('[data-test=\"registerUserName\"]').type('dianalafuente');\ncy.get('[data-test=\"registerPassword\"]').type('diana123');\ncy.contains('button', 'Register').click();",
              "err": {
                "message": "CypressError: `cy.visit()` failed trying to load:\n\nhttp://localhost:4200/\n\nWe attempted to make an http request to this URL but the request failed without a response.\n\nWe received this error at the network level:\n\n  > Error: connect ECONNREFUSED 127.0.0.1:4200\n\nCommon situations why this would fail:\n  - you don't have internet access\n  - you forgot to run / boot your web server\n  - your web server isn't accessible\n  - you have weird network configuration settings on your computer",
                "estack": "CypressError: `cy.visit()` failed trying to load:\n\nhttp://localhost:4200/\n\nWe attempted to make an http request to this URL but the request failed without a response.\n\nWe received this error at the network level:\n\n  > Error: connect ECONNREFUSED 127.0.0.1:4200\n\nCommon situations why this would fail:\n  - you don't have internet access\n  - you forgot to run / boot your web server\n  - your web server isn't accessible\n  - you have weird network configuration settings on your computer\n    at <unknown> (http://localhost:62591/__cypress/runner/cypress_runner.js:131213:74)\n    at visitFailedByErr (http://localhost:62591/__cypress/runner/cypress_runner.js:130605:12)\n    at <unknown> (http://localhost:62591/__cypress/runner/cypress_runner.js:131212:11)\n    at tryCatcher (http://localhost:62591/__cypress/runner/cypress_runner.js:1807:23)\n    at Promise._settlePromiseFromHandler (http://localhost:62591/__cypress/runner/cypress_runner.js:1519:31)\n    at Promise._settlePromise (http://localhost:62591/__cypress/runner/cypress_runner.js:1576:18)\n    at Promise._settlePromise0 (http://localhost:62591/__cypress/runner/cypress_runner.js:1621:10)\n    at Promise._settlePromises (http://localhost:62591/__cypress/runner/cypress_runner.js:1697:18)\n    at _drainQueueStep (http://localhost:62591/__cypress/runner/cypress_runner.js:2407:12)\n    at _drainQueue (http://localhost:62591/__cypress/runner/cypress_runner.js:2400:9)\n    at Async._drainQueues (http://localhost:62591/__cypress/runner/cypress_runner.js:2416:5)\n    at Async.drainQueues (http://localhost:62591/__cypress/runner/cypress_runner.js:2286:14)\nFrom Your Spec Code:\n    at Context.eval (webpack:///./cypress/e2e/cadastro-correto.cy.js:3:7)\n\nFrom Node.js Internals:\n  Error: connect ECONNREFUSED 127.0.0.1:4200\n      at TCPConnectWrap.afterConnect [as oncomplete] (node:net:1494:16)",
                "diff": null
              },
              "uuid": "0442b2ae-d1d3-4cac-a48b-1cdec3e5f5ad",
              "parentUUID": "2bdba53e-6db4-4673-aa5e-cab655a6050d",
              "isHook": false,
              "skipped": false
            }
          ],
          "suites": [],
          "passes": [],
          "failures": [
            "0442b2ae-d1d3-4cac-a48b-1cdec3e5f5ad"
          ],
          "pending": [],
          "skipped": [],
          "duration": 1282,
          "root": false,
          "rootEmpty": false,
          "_timeout": 2000
        }
      ],
      "passes": [],
      "failures": [],
      "pending": [],
      "skipped": [],
      "duration": 0,
      "root": true,
      "rootEmpty": true,
      "_timeout": 2000
    }
  ],
  "meta": {
    "mocha": {
      "version": "7.0.1"
    },
    "mochawesome": {
      "options": {
        "quiet": false,
        "reportFilename": "mochawesome",
        "saveHtml": true,
        "saveJson": true,
        "consoleReporter": "spec",
        "useInlineDiffs": false,
        "code": true
      },
      "version": "7.1.3"
    },
    "marge": {
      "options": null,
      "version": "6.2.0"
    }
  }
}